2025-08-08 17:47:37,442 [ERROR] (redis_connection.py:connect:36): [Redis] ConnectionError: Error -3 connecting to landf_infra_redis-redis-1:36380. Temporary failure in name resolution.
2025-08-08 17:47:37,445 [INFO] (app.py:<module>:97): Server started
2025-08-08 18:15:31,557 [ERROR] (redis_connection.py:connect:36): [Redis] ConnectionError: Error -3 connecting to landf_infra_redis-redis-1:36380. Temporary failure in name resolution.
2025-08-08 18:15:31,560 [INFO] (app.py:<module>:97): Server started
2025-08-08 18:21:50,517 [ERROR] (redis_connection.py:load_raw:55): [Redis Load] Error -3 connecting to landf_infra_redis-redis-1:36380. Temporary failure in name resolution.
2025-08-08 18:21:50,524 [ERROR] (redis_connection.py:connect:36): [Redis] ConnectionError: Error -3 connecting to landf_infra_redis-redis-1:36380. Temporary failure in name resolution.
2025-08-08 18:21:50,527 [ERROR] (redis_connection.py:save_raw:44): [Redis Save] Error -3 connecting to landf_infra_redis-redis-1:36380. Temporary failure in name resolution.
2025-08-08 18:21:50,530 [ERROR] (redis_connection.py:connect:36): [Redis] ConnectionError: Error -3 connecting to landf_infra_redis-redis-1:36380. Temporary failure in name resolution.
2025-08-08 18:21:50,838 [ERROR] (redis_connection.py:load_raw:55): [Redis Load] Error -3 connecting to landf_infra_redis-redis-1:36380. Temporary failure in name resolution.
2025-08-08 18:21:50,843 [ERROR] (redis_connection.py:connect:36): [Redis] ConnectionError: Error -3 connecting to landf_infra_redis-redis-1:36380. Temporary failure in name resolution.
2025-08-08 18:21:50,848 [ERROR] (redis_connection.py:save_raw:44): [Redis Save] Error -3 connecting to landf_infra_redis-redis-1:36380. Temporary failure in name resolution.
2025-08-08 18:21:50,852 [ERROR] (redis_connection.py:connect:36): [Redis] ConnectionError: Error -3 connecting to landf_infra_redis-redis-1:36380. Temporary failure in name resolution.
2025-08-08 18:21:51,170 [ERROR] (redis_connection.py:load_raw:55): [Redis Load] Error -3 connecting to landf_infra_redis-redis-1:36380. Temporary failure in name resolution.
2025-08-08 18:21:51,176 [ERROR] (redis_connection.py:connect:36): [Redis] ConnectionError: Error -3 connecting to landf_infra_redis-redis-1:36380. Temporary failure in name resolution.
2025-08-08 18:21:51,178 [WARNING] (web.py:log_request:2407): 404 GET /get_payload?uuid=abc123 (206.0.95.72) 17.67ms
2025-08-08 18:42:08,071 [ERROR] (redis_connection.py:load_raw:55): [Redis Load] Error -3 connecting to landf_infra_redis-redis-1:36380. Temporary failure in name resolution.
2025-08-08 18:42:08,096 [ERROR] (redis_connection.py:connect:36): [Redis] ConnectionError: Error -3 connecting to landf_infra_redis-redis-1:36380. Temporary failure in name resolution.
2025-08-08 18:42:08,099 [ERROR] (redis_connection.py:save_raw:44): [Redis Save] Error -3 connecting to landf_infra_redis-redis-1:36380. Temporary failure in name resolution.
2025-08-08 18:42:08,101 [ERROR] (redis_connection.py:connect:36): [Redis] ConnectionError: Error -3 connecting to landf_infra_redis-redis-1:36380. Temporary failure in name resolution.
2025-08-08 18:42:08,420 [ERROR] (redis_connection.py:load_raw:55): [Redis Load] Error -3 connecting to landf_infra_redis-redis-1:36380. Temporary failure in name resolution.
2025-08-08 18:42:08,425 [ERROR] (redis_connection.py:connect:36): [Redis] ConnectionError: Error -3 connecting to landf_infra_redis-redis-1:36380. Temporary failure in name resolution.
2025-08-08 18:42:08,430 [ERROR] (redis_connection.py:save_raw:44): [Redis Save] Error -3 connecting to landf_infra_redis-redis-1:36380. Temporary failure in name resolution.
2025-08-08 18:42:08,434 [ERROR] (redis_connection.py:connect:36): [Redis] ConnectionError: Error -3 connecting to landf_infra_redis-redis-1:36380. Temporary failure in name resolution.
2025-08-08 18:42:08,743 [ERROR] (redis_connection.py:load_raw:55): [Redis Load] Error -3 connecting to landf_infra_redis-redis-1:36380. Temporary failure in name resolution.
2025-08-08 18:42:08,747 [ERROR] (redis_connection.py:connect:36): [Redis] ConnectionError: Error -3 connecting to landf_infra_redis-redis-1:36380. Temporary failure in name resolution.
2025-08-08 18:42:08,748 [WARNING] (web.py:log_request:2407): 404 GET /get_payload?uuid=abc123 (206.0.95.72) 9.65ms
2025-08-08 18:42:30,492 [ERROR] (redis_connection.py:load_raw:55): [Redis Load] Error -3 connecting to landf_infra_redis-redis-1:36380. Temporary failure in name resolution.
2025-08-08 18:42:30,498 [ERROR] (redis_connection.py:connect:36): [Redis] ConnectionError: Error -3 connecting to landf_infra_redis-redis-1:36380. Temporary failure in name resolution.
2025-08-08 18:42:30,503 [ERROR] (redis_connection.py:save_raw:44): [Redis Save] Error -3 connecting to landf_infra_redis-redis-1:36380. Temporary failure in name resolution.
2025-08-08 18:42:30,508 [ERROR] (redis_connection.py:connect:36): [Redis] ConnectionError: Error -3 connecting to landf_infra_redis-redis-1:36380. Temporary failure in name resolution.
2025-08-08 18:42:30,827 [ERROR] (redis_connection.py:load_raw:55): [Redis Load] Error -3 connecting to landf_infra_redis-redis-1:36380. Temporary failure in name resolution.
2025-08-08 18:42:30,830 [ERROR] (redis_connection.py:connect:36): [Redis] ConnectionError: Error -3 connecting to landf_infra_redis-redis-1:36380. Temporary failure in name resolution.
2025-08-08 18:42:30,834 [ERROR] (redis_connection.py:save_raw:44): [Redis Save] Error -3 connecting to landf_infra_redis-redis-1:36380. Temporary failure in name resolution.
2025-08-08 18:42:30,839 [ERROR] (redis_connection.py:connect:36): [Redis] ConnectionError: Error -3 connecting to landf_infra_redis-redis-1:36380. Temporary failure in name resolution.
2025-08-08 18:42:31,162 [ERROR] (redis_connection.py:load_raw:55): [Redis Load] Error -3 connecting to landf_infra_redis-redis-1:36380. Temporary failure in name resolution.
2025-08-08 18:42:31,167 [ERROR] (redis_connection.py:connect:36): [Redis] ConnectionError: Error -3 connecting to landf_infra_redis-redis-1:36380. Temporary failure in name resolution.
2025-08-08 18:42:31,169 [WARNING] (web.py:log_request:2407): 404 GET /get_payload?uuid=1 (206.0.95.72) 20.92ms
2025-08-08 18:47:05,943 [ERROR] (redis_connection.py:connect:36): [Redis] ConnectionError: Error -3 connecting to landf_infra_redis-redis-1:6379. Temporary failure in name resolution.
2025-08-08 18:47:05,947 [INFO] (app.py:<module>:97): Server started
2025-08-08 18:48:59,582 [ERROR] (redis_connection.py:connect:36): [Redis] ConnectionError: Error -3 connecting to landf_infra_redis-redis:36380. Temporary failure in name resolution.
2025-08-08 18:48:59,584 [INFO] (app.py:<module>:97): Server started
2025-08-08 18:59:04,805 [ERROR] (redis_connection.py:connect:36): [Redis] ConnectionError: Error -3 connecting to landf_infra_redis-redis-1:36380. Temporary failure in name resolution.
2025-08-08 18:59:04,808 [INFO] (app.py:<module>:97): Server started
2025-08-08 18:59:23,632 [ERROR] (redis_connection.py:load_raw:55): [Redis Load] Error -3 connecting to landf_infra_redis-redis-1:36380. Temporary failure in name resolution.
2025-08-08 18:59:23,643 [ERROR] (redis_connection.py:connect:36): [Redis] ConnectionError: Error -3 connecting to landf_infra_redis-redis-1:36380. Temporary failure in name resolution.
2025-08-08 18:59:23,667 [ERROR] (redis_connection.py:save_raw:44): [Redis Save] Error -3 connecting to landf_infra_redis-redis-1:36380. Temporary failure in name resolution.
2025-08-08 18:59:23,676 [ERROR] (redis_connection.py:connect:36): [Redis] ConnectionError: Error -3 connecting to landf_infra_redis-redis-1:36380. Temporary failure in name resolution.
2025-08-08 18:59:23,991 [ERROR] (redis_connection.py:load_raw:55): [Redis Load] Error -3 connecting to landf_infra_redis-redis-1:36380. Temporary failure in name resolution.
2025-08-08 18:59:23,996 [ERROR] (redis_connection.py:connect:36): [Redis] ConnectionError: Error -3 connecting to landf_infra_redis-redis-1:36380. Temporary failure in name resolution.
2025-08-08 18:59:23,000 [ERROR] (redis_connection.py:save_raw:44): [Redis Save] Error -3 connecting to landf_infra_redis-redis-1:36380. Temporary failure in name resolution.
2025-08-08 18:59:23,005 [ERROR] (redis_connection.py:connect:36): [Redis] ConnectionError: Error -3 connecting to landf_infra_redis-redis-1:36380. Temporary failure in name resolution.
2025-08-08 18:59:24,321 [ERROR] (redis_connection.py:load_raw:55): [Redis Load] Error -3 connecting to landf_infra_redis-redis-1:36380. Temporary failure in name resolution.
2025-08-08 18:59:24,334 [ERROR] (redis_connection.py:connect:36): [Redis] ConnectionError: Error -3 connecting to landf_infra_redis-redis-1:36380. Temporary failure in name resolution.
2025-08-08 18:59:24,335 [WARNING] (web.py:log_request:2407): 404 GET /get_payload?uuid=1 (206.0.95.72) 21.20ms
2025-08-08 19:02:35,912 [ERROR] (redis_connection.py:connect:36): [Redis] ConnectionError: Error -3 connecting to landf_infra_redis-redis-1:36380. Temporary failure in name resolution.
2025-08-08 19:02:35,915 [INFO] (app.py:<module>:97): Server started
2025-08-08 19:03:40,827 [ERROR] (redis_connection.py:connect:36): [Redis] ConnectionError: Error -3 connecting to landf_infra_redis-redis-1:6379. Temporary failure in name resolution.
2025-08-08 19:03:40,829 [INFO] (app.py:<module>:97): Server started
2025-08-08 19:05:25,168 [ERROR] (redis_connection.py:connect:36): [Redis] ConnectionError: Error -3 connecting to landf_infra_redis-redis_1:6379. Temporary failure in name resolution.
2025-08-08 19:05:25,172 [INFO] (app.py:<module>:97): Server started
2025-08-08 19:06:27,228 [ERROR] (redis_connection.py:connect:36): [Redis] ConnectionError: Error 111 connecting to landf_infra_redis_redis_1:6379. Connection refused.
2025-08-08 19:06:27,230 [INFO] (app.py:<module>:97): Server started
2025-08-08 19:11:35,917 [ERROR] (redis_connection.py:connect:36): [Redis] ConnectionError: Error 111 connecting to landf_infra_redis_redis_1:6379. Connection refused.
2025-08-08 19:11:35,919 [INFO] (app.py:<module>:97): Server started
2025-08-08 19:18:13,560 [INFO] (redis_connection.py:connect:34): Redis connected on port: 36380
2025-08-08 19:18:13,562 [INFO] (app.py:<module>:97): Server started
2025-08-09 18:33:38,563 [INFO] (autoreload.py:_check_file:197): /app/app.py modified; restarting server
2025-08-09 18:33:39,400 [INFO] (redis_connection_async.py:start:38): [Redis] Connected to landf_infra_redis_redis_1:36380, db=0
2025-08-09 18:33:39,403 [INFO] (app.py:<module>:219): Autoreload enabled (dev mode).
2025-08-09 18:33:39,403 [INFO] (app.py:<module>:222): Server started
2025-08-10 12:12:58,331 [WARNING] (web.py:log_request:2407): 400 GET /records (206.0.95.72) 1.87ms
2025-08-10 14:17:53,909 [WARNING] (web.py:log_request:2407): 401 GET /records?user_id=user-123&limit=5 (206.0.95.72) 3.15ms
2025-08-10 14:18:52,954 [WARNING] (web.py:log_request:2407): 405 POST /records (206.0.95.72) 0.78ms
2025-08-10 14:18:59,717 [WARNING] (web.py:log_request:2407): 405 POST /records (206.0.95.72) 0.97ms
2025-08-10 14:21:07,238 [WARNING] (web.py:log_request:2407): 404 POST /records/ (206.0.95.72) 2.35ms
2025-08-10 14:21:11,603 [WARNING] (web.py:log_request:2407): 405 POST /records (206.0.95.72) 1.17ms
2025-08-10 14:21:22,987 [WARNING] (web.py:log_request:2407): 405 POST /records (206.0.95.72) 0.85ms
2025-08-10 14:21:47,200 [WARNING] (web.py:log_request:2407): 405 POST /records (206.0.95.72) 1.05ms
2025-08-13 18:17:05,259 [INFO] (redis_connection_async.py:start:38): [Redis] Connected to landf_infra_redis_redis_1:36380, db=0
2025-08-13 18:17:05,264 [INFO] (app.py:<module>:245): Autoreload enabled (dev mode).
2025-08-13 18:17:05,264 [INFO] (app.py:<module>:248): Server started
2025-08-13 18:18:19,442 [INFO] (redis_connection_async.py:start:38): [Redis] Connected to landf_infra_redis_redis_1:36380, db=0
2025-08-13 18:18:19,445 [INFO] (app.py:<module>:245): Autoreload enabled (dev mode).
2025-08-13 18:18:19,446 [INFO] (app.py:<module>:248): Server started
2025-08-13 20:23:28,447 [INFO] (autoreload.py:_check_file:197): /app/app.py modified; restarting server
2025-08-13 20:23:29,244 [INFO] (redis_connection_async.py:start:38): [Redis] Connected to landf_infra_redis_redis_1:36380, db=0
2025-08-13 20:23:29,248 [INFO] (app.py:<module>:250): Autoreload enabled (dev mode).
2025-08-13 20:23:29,248 [INFO] (app.py:<module>:253): Server started version 1
2025-08-13 20:26:33,612 [DEBUG] (app.py:post:78): [upsert] body: {'user_id': 'cleyton', 'match': '9EE4B431925F47CDBF69', 'input': {'game': {'status': True, 'spin': [{'detail': [], 'grid': [[3, 4, 3], [2, 5, 0], [4, 5, 3]], 'idSpin': 0}], 'prize_type': {'name': 'NORMAL', 'id': 0}, 'win_game': 0, 'suspense': False}, 'bn3x3': {'status': False, 'is_super': False, 'value': 0}, 'winTotal': 0, 'token': '498866E9AEA942D083BA', 'status': 'ok', 'command': 'play', 'message': 'on play slot', 'bet': 10, 'coin': 100, 'lines': 5, 'bet_total': 5000, 'id_match': '9EE4B431925F47CDBF69', 'credit': 1302038, 'credit_to_show': 1302038, 'date_time': '2025-08-13 20:26:33'}}
2025-08-13 20:26:33,617 [INFO] (app.py:post:91): [upsert] result: {'ok': True, 'user_id': 'cleyton', 'match_id': '9EE4B431925F47CDBF69', 'updated_at': '2025-08-13 20:26:33', 'created_at_set': True}
2025-08-13 20:33:35,793 [DEBUG] (app.py:post:78): [upsert] body: {'user_id': 'cleyton', 'match': 'F32434B738A849DEA1A2', 'input': {'game': {'status': True, 'spin': [{'detail': [{'symbol': 1, 'value': 5, 'path': [2, 2, 2], 'items': [1, 6, 1], 'line': 2}], 'grid': [[3, 5, 1], [4, 0, 6], [1, 1, 1]], 'idSpin': 0}], 'prize_type': {'name': 'NORMAL', 'id': 0}, 'win_game': 5, 'suspense': False}, 'bn3x3': {'status': False, 'is_super': False, 'value': 0}, 'winTotal': 5000, 'token': '498866E9AEA942D083BA', 'status': 'ok', 'command': 'play', 'message': 'on play slot', 'bet': 10, 'coin': 100, 'lines': 5, 'bet_total': 5000, 'id_match': 'F32434B738A849DEA1A2', 'credit': 1302038, 'credit_to_show': 1297038, 'date_time': '2025-08-13 20:33:35'}}
2025-08-13 20:33:35,802 [INFO] (app.py:post:91): [upsert] result: {'ok': True, 'user_id': 'cleyton', 'match_id': 'F32434B738A849DEA1A2', 'updated_at': '2025-08-13 20:33:35', 'created_at_set': True}
2025-08-13 20:33:41,798 [DEBUG] (app.py:post:78): [upsert] body: {'user_id': 'cleyton', 'match': 'D8D97C92FEA3479482DA', 'input': {'game': {'status': True, 'spin': [{'detail': [], 'grid': [[4, 5, 1], [5, 3, 6], [4, 1, 4]], 'idSpin': 0}], 'prize_type': {'name': 'NORMAL', 'id': 0}, 'win_game': 0, 'suspense': False}, 'bn3x3': {'status': False, 'is_super': False, 'value': 0}, 'winTotal': 0, 'token': '498866E9AEA942D083BA', 'status': 'ok', 'command': 'play', 'message': 'on play slot', 'bet': 10, 'coin': 100, 'lines': 5, 'bet_total': 5000, 'id_match': 'D8D97C92FEA3479482DA', 'credit': 1297038, 'credit_to_show': 1297038, 'date_time': '2025-08-13 20:33:41'}}
2025-08-13 20:33:41,801 [INFO] (app.py:post:91): [upsert] result: {'ok': True, 'user_id': 'cleyton', 'match_id': 'D8D97C92FEA3479482DA', 'updated_at': '2025-08-13 20:33:41', 'created_at_set': True}
2025-08-13 20:33:43,813 [DEBUG] (app.py:post:78): [upsert] body: {'user_id': 'cleyton', 'match': '5BC2BA8F728543E3B878', 'input': {'game': {'status': True, 'spin': [{'detail': [{'symbol': 2, 'value': 8, 'path': [1, 1, 1], 'items': [6, 2, 6], 'line': 0}], 'grid': [[2, 6, 1], [5, 2, 3], [3, 6, 5]], 'idSpin': 0}], 'prize_type': {'name': 'NORMAL', 'id': 0}, 'win_game': 8, 'suspense': True}, 'bn3x3': {'status': False, 'is_super': False, 'value': 0}, 'winTotal': 8000, 'token': '498866E9AEA942D083BA', 'status': 'ok', 'command': 'play', 'message': 'on play slot', 'bet': 10, 'coin': 100, 'lines': 5, 'bet_total': 5000, 'id_match': '5BC2BA8F728543E3B878', 'credit': 1300038, 'credit_to_show': 1292038, 'date_time': '2025-08-13 20:33:43'}}
2025-08-13 20:33:43,815 [INFO] (app.py:post:91): [upsert] result: {'ok': True, 'user_id': 'cleyton', 'match_id': '5BC2BA8F728543E3B878', 'updated_at': '2025-08-13 20:33:43', 'created_at_set': True}
2025-08-13 20:33:51,866 [DEBUG] (app.py:post:78): [upsert] body: {'user_id': 'cleyton', 'match': '8C08A57FAE374234A98E', 'input': {'game': {'status': True, 'spin': [{'detail': [], 'grid': [[4, 1, 5], [3, 4, 4], [5, 2, 0]], 'idSpin': 0}], 'prize_type': {'name': 'NORMAL', 'id': 0}, 'win_game': 0, 'suspense': False}, 'bn3x3': {'status': False, 'is_super': False, 'value': 0}, 'winTotal': 0, 'token': '498866E9AEA942D083BA', 'status': 'ok', 'command': 'play', 'message': 'on play slot', 'bet': 10, 'coin': 100, 'lines': 5, 'bet_total': 5000, 'id_match': '8C08A57FAE374234A98E', 'credit': 1295038, 'credit_to_show': 1295038, 'date_time': '2025-08-13 20:33:51'}}
2025-08-13 20:33:51,868 [INFO] (app.py:post:91): [upsert] result: {'ok': True, 'user_id': 'cleyton', 'match_id': '8C08A57FAE374234A98E', 'updated_at': '2025-08-13 20:33:51', 'created_at_set': True}
2025-08-13 20:33:53,867 [DEBUG] (app.py:post:78): [upsert] body: {'user_id': 'cleyton', 'match': 'AF4815366B5745418DD7', 'input': {'game': {'status': True, 'spin': [{'detail': [], 'grid': [[1, 4, 3], [4, 2, 5], [1, 1, 2]], 'idSpin': 0}], 'prize_type': {'name': 'NORMAL', 'id': 0}, 'win_game': 0, 'suspense': False}, 'bn3x3': {'status': False, 'is_super': False, 'value': 0}, 'winTotal': 0, 'token': '498866E9AEA942D083BA', 'status': 'ok', 'command': 'play', 'message': 'on play slot', 'bet': 10, 'coin': 100, 'lines': 5, 'bet_total': 5000, 'id_match': 'AF4815366B5745418DD7', 'credit': 1290038, 'credit_to_show': 1290038, 'date_time': '2025-08-13 20:33:53'}}
2025-08-13 20:33:53,869 [INFO] (app.py:post:91): [upsert] result: {'ok': True, 'user_id': 'cleyton', 'match_id': 'AF4815366B5745418DD7', 'updated_at': '2025-08-13 20:33:53', 'created_at_set': True}
2025-08-13 20:33:55,887 [DEBUG] (app.py:post:78): [upsert] body: {'user_id': 'cleyton', 'match': '2BB450596E76447AB595', 'input': {'game': {'status': True, 'spin': [{'detail': [{'symbol': 3, 'value': 10, 'path': [0, 1, 2], 'items': [3, 3, 3], 'line': 3}], 'grid': [[3, 5, 5], [4, 3, 6], [5, 6, 3]], 'idSpin': 0}], 'prize_type': {'name': 'NORMAL', 'id': 0}, 'win_game': 10, 'suspense': True}, 'bn3x3': {'status': False, 'is_super': False, 'value': 0}, 'winTotal': 10000, 'token': '498866E9AEA942D083BA', 'status': 'ok', 'command': 'play', 'message': 'on play slot', 'bet': 10, 'coin': 100, 'lines': 5, 'bet_total': 5000, 'id_match': '2BB450596E76447AB595', 'credit': 1295038, 'credit_to_show': 1285038, 'date_time': '2025-08-13 20:33:55'}}
2025-08-13 20:33:55,889 [INFO] (app.py:post:91): [upsert] result: {'ok': True, 'user_id': 'cleyton', 'match_id': '2BB450596E76447AB595', 'updated_at': '2025-08-13 20:33:55', 'created_at_set': True}
2025-08-13 20:34:05,939 [DEBUG] (app.py:post:78): [upsert] body: {'user_id': 'cleyton', 'match': 'FC3ACD540BF44EC9B58D', 'input': {'game': {'status': True, 'spin': [{'detail': [], 'grid': [[1, 1, 3], [6, 4, 0], [0, 5, 6]], 'idSpin': 0}], 'prize_type': {'name': 'NORMAL', 'id': 0}, 'win_game': 0, 'suspense': True}, 'bn3x3': {'status': False, 'is_super': False, 'value': 0}, 'winTotal': 0, 'token': '498866E9AEA942D083BA', 'status': 'ok', 'command': 'play', 'message': 'on play slot', 'bet': 10, 'coin': 100, 'lines': 5, 'bet_total': 5000, 'id_match': 'FC3ACD540BF44EC9B58D', 'credit': 1295038, 'credit_to_show': 1295038, 'date_time': '2025-08-13 20:34:05'}}
2025-08-13 20:34:05,941 [INFO] (app.py:post:91): [upsert] result: {'ok': True, 'user_id': 'cleyton', 'match_id': 'FC3ACD540BF44EC9B58D', 'updated_at': '2025-08-13 20:34:05', 'created_at_set': True}
2025-08-13 20:34:09,968 [DEBUG] (app.py:post:78): [upsert] body: {'user_id': 'cleyton', 'match': '9E10EF120FAD40C9A4E0', 'input': {'game': {'status': True, 'spin': [{'detail': [], 'grid': [[6, 3, 4], [4, 0, 0], [2, 5, 5]], 'idSpin': 0}], 'prize_type': {'name': 'NORMAL', 'id': 0}, 'win_game': 0, 'suspense': False}, 'bn3x3': {'status': False, 'is_super': False, 'value': 0}, 'winTotal': 0, 'token': '498866E9AEA942D083BA', 'status': 'ok', 'command': 'play', 'message': 'on play slot', 'bet': 10, 'coin': 100, 'lines': 5, 'bet_total': 5000, 'id_match': '9E10EF120FAD40C9A4E0', 'credit': 1285038, 'credit_to_show': 1285038, 'date_time': '2025-08-13 20:34:09'}}
2025-08-13 20:34:09,970 [INFO] (app.py:post:91): [upsert] result: {'ok': True, 'user_id': 'cleyton', 'match_id': '9E10EF120FAD40C9A4E0', 'updated_at': '2025-08-13 20:34:09', 'created_at_set': True}
2025-08-13 20:34:11,942 [DEBUG] (app.py:post:78): [upsert] body: {'user_id': 'cleyton', 'match': '5404E43848774F83BC4E', 'input': {'game': {'status': True, 'spin': [{'detail': [], 'grid': [[4, 5, 5], [3, 0, 5], [3, 1, 1]], 'idSpin': 0}], 'prize_type': {'name': 'NORMAL', 'id': 0}, 'win_game': 0, 'suspense': False}, 'bn3x3': {'status': False, 'is_super': False, 'value': 0}, 'winTotal': 0, 'token': '498866E9AEA942D083BA', 'status': 'ok', 'command': 'play', 'message': 'on play slot', 'bet': 10, 'coin': 100, 'lines': 5, 'bet_total': 5000, 'id_match': '5404E43848774F83BC4E', 'credit': 1280038, 'credit_to_show': 1280038, 'date_time': '2025-08-13 20:34:11'}}
2025-08-13 20:34:11,944 [INFO] (app.py:post:91): [upsert] result: {'ok': True, 'user_id': 'cleyton', 'match_id': '5404E43848774F83BC4E', 'updated_at': '2025-08-13 20:34:11', 'created_at_set': True}
2025-08-13 20:34:13,955 [DEBUG] (app.py:post:78): [upsert] body: {'user_id': 'cleyton', 'match': 'ABF619CCDD094428A9A2', 'input': {'game': {'status': True, 'spin': [{'detail': [], 'grid': [[5, 2, 3], [4, 2, 1], [1, 4, 3]], 'idSpin': 0}], 'prize_type': {'name': 'NORMAL', 'id': 0}, 'win_game': 0, 'suspense': False}, 'bn3x3': {'status': False, 'is_super': False, 'value': 0}, 'winTotal': 0, 'token': '498866E9AEA942D083BA', 'status': 'ok', 'command': 'play', 'message': 'on play slot', 'bet': 10, 'coin': 100, 'lines': 5, 'bet_total': 5000, 'id_match': 'ABF619CCDD094428A9A2', 'credit': 1275038, 'credit_to_show': 1275038, 'date_time': '2025-08-13 20:34:13'}}
2025-08-13 20:34:13,957 [INFO] (app.py:post:91): [upsert] result: {'ok': True, 'user_id': 'cleyton', 'match_id': 'ABF619CCDD094428A9A2', 'updated_at': '2025-08-13 20:34:13', 'created_at_set': True}
2025-08-13 20:34:16,089 [DEBUG] (app.py:post:78): [upsert] body: {'user_id': 'cleyton', 'match': 'A81D1EFEAEE242408CDF', 'input': {'game': {'status': True, 'spin': [{'detail': [{'symbol': 0, 'value': 3, 'path': [0, 0, 0], 'items': [6, 6, 0], 'line': 1}], 'grid': [[6, 4, 1], [6, 0, 0], [0, 1, 3]], 'idSpin': 0}], 'prize_type': {'name': 'NORMAL', 'id': 0}, 'win_game': 3, 'suspense': True}, 'bn3x3': {'status': False, 'is_super': False, 'value': 0}, 'winTotal': 3000, 'token': '498866E9AEA942D083BA', 'status': 'ok', 'command': 'play', 'message': 'on play slot', 'bet': 10, 'coin': 100, 'lines': 5, 'bet_total': 5000, 'id_match': 'A81D1EFEAEE242408CDF', 'credit': 1273038, 'credit_to_show': 1270038, 'date_time': '2025-08-13 20:34:16'}}
2025-08-13 20:34:16,092 [INFO] (app.py:post:91): [upsert] result: {'ok': True, 'user_id': 'cleyton', 'match_id': 'A81D1EFEAEE242408CDF', 'updated_at': '2025-08-13 20:34:16', 'created_at_set': True}
2025-08-13 20:34:22,017 [DEBUG] (app.py:post:78): [upsert] body: {'user_id': 'cleyton', 'match': 'E60F4A3432AE41549529', 'input': {'game': {'status': True, 'spin': [{'detail': [], 'grid': [[6, 6, 5], [0, 2, 1], [2, 0, 0]], 'idSpin': 0}], 'prize_type': {'name': 'NORMAL', 'id': 0}, 'win_game': 0, 'suspense': True}, 'bn3x3': {'status': False, 'is_super': False, 'value': 0}, 'winTotal': 0, 'token': '498866E9AEA942D083BA', 'status': 'ok', 'command': 'play', 'message': 'on play slot', 'bet': 10, 'coin': 100, 'lines': 5, 'bet_total': 5000, 'id_match': 'E60F4A3432AE41549529', 'credit': 1268038, 'credit_to_show': 1268038, 'date_time': '2025-08-13 20:34:22'}}
2025-08-13 20:34:22,018 [INFO] (app.py:post:91): [upsert] result: {'ok': True, 'user_id': 'cleyton', 'match_id': 'E60F4A3432AE41549529', 'updated_at': '2025-08-13 20:34:22', 'created_at_set': True}
2025-08-13 20:34:26,044 [DEBUG] (app.py:post:78): [upsert] body: {'user_id': 'cleyton', 'match': '4A4391743CA64852AF11', 'input': {'game': {'status': True, 'spin': [{'detail': [{'symbol': 2, 'value': 8, 'path': [0, 0, 0], 'items': [2, 2, 2], 'line': 1}], 'grid': [[2, 6, 4], [2, 0, 6], [2, 2, 5]], 'idSpin': 0}], 'prize_type': {'name': 'NORMAL', 'id': 0}, 'win_game': 8, 'suspense': True}, 'bn3x3': {'status': False, 'is_super': False, 'value': 0}, 'winTotal': 8000, 'token': '498866E9AEA942D083BA', 'status': 'ok', 'command': 'play', 'message': 'on play slot', 'bet': 10, 'coin': 100, 'lines': 5, 'bet_total': 5000, 'id_match': '4A4391743CA64852AF11', 'credit': 1271038, 'credit_to_show': 1263038, 'date_time': '2025-08-13 20:34:26'}}
2025-08-13 20:34:26,046 [INFO] (app.py:post:91): [upsert] result: {'ok': True, 'user_id': 'cleyton', 'match_id': '4A4391743CA64852AF11', 'updated_at': '2025-08-13 20:34:26', 'created_at_set': True}
2025-08-13 20:34:34,067 [DEBUG] (app.py:post:78): [upsert] body: {'user_id': 'cleyton', 'match': '3C87E5E3518045328400', 'input': {'game': {'status': True, 'spin': [{'detail': [], 'grid': [[2, 4, 6], [6, 5, 0], [4, 2, 3]], 'idSpin': 0}], 'prize_type': {'name': 'NORMAL', 'id': 0}, 'win_game': 0, 'suspense': True}, 'bn3x3': {'status': False, 'is_super': False, 'value': 0}, 'winTotal': 0, 'token': '498866E9AEA942D083BA', 'status': 'ok', 'command': 'play', 'message': 'on play slot', 'bet': 10, 'coin': 100, 'lines': 5, 'bet_total': 5000, 'id_match': '3C87E5E3518045328400', 'credit': 1266038, 'credit_to_show': 1266038, 'date_time': '2025-08-13 20:34:34'}}
2025-08-13 20:34:34,069 [INFO] (app.py:post:91): [upsert] result: {'ok': True, 'user_id': 'cleyton', 'match_id': '3C87E5E3518045328400', 'updated_at': '2025-08-13 20:34:34', 'created_at_set': True}
2025-08-13 20:34:38,100 [DEBUG] (app.py:post:78): [upsert] body: {'user_id': 'cleyton', 'match': 'C366C06DC11E4AD598CA', 'input': {'game': {'status': True, 'spin': [{'detail': [], 'grid': [[6, 5, 5], [0, 4, 5], [4, 0, 1]], 'idSpin': 0}], 'prize_type': {'name': 'NORMAL', 'id': 0}, 'win_game': 0, 'suspense': False}, 'bn3x3': {'status': False, 'is_super': False, 'value': 0}, 'winTotal': 0, 'token': '498866E9AEA942D083BA', 'status': 'ok', 'command': 'play', 'message': 'on play slot', 'bet': 10, 'coin': 100, 'lines': 5, 'bet_total': 5000, 'id_match': 'C366C06DC11E4AD598CA', 'credit': 1261038, 'credit_to_show': 1261038, 'date_time': '2025-08-13 20:34:38'}}
2025-08-13 20:34:38,104 [INFO] (app.py:post:91): [upsert] result: {'ok': True, 'user_id': 'cleyton', 'match_id': 'C366C06DC11E4AD598CA', 'updated_at': '2025-08-13 20:34:38', 'created_at_set': True}
2025-08-13 20:34:40,081 [DEBUG] (app.py:post:78): [upsert] body: {'user_id': 'cleyton', 'match': '40AFAE7241A940908E36', 'input': {'game': {'status': True, 'spin': [{'detail': [], 'grid': [[2, 2, 2], [3, 5, 4], [1, 2, 5]], 'idSpin': 0}], 'prize_type': {'name': 'NORMAL', 'id': 0}, 'win_game': 0, 'suspense': False}, 'bn3x3': {'status': False, 'is_super': False, 'value': 0}, 'winTotal': 0, 'token': '498866E9AEA942D083BA', 'status': 'ok', 'command': 'play', 'message': 'on play slot', 'bet': 10, 'coin': 100, 'lines': 5, 'bet_total': 5000, 'id_match': '40AFAE7241A940908E36', 'credit': 1256038, 'credit_to_show': 1256038, 'date_time': '2025-08-13 20:34:40'}}
2025-08-13 20:34:40,083 [INFO] (app.py:post:91): [upsert] result: {'ok': True, 'user_id': 'cleyton', 'match_id': '40AFAE7241A940908E36', 'updated_at': '2025-08-13 20:34:40', 'created_at_set': True}
2025-08-13 20:34:42,098 [DEBUG] (app.py:post:78): [upsert] body: {'user_id': 'cleyton', 'match': '7F9077BA19844BD690B5', 'input': {'game': {'status': True, 'spin': [{'detail': [], 'grid': [[2, 2, 1], [5, 6, 4], [3, 0, 4]], 'idSpin': 0}], 'prize_type': {'name': 'NORMAL', 'id': 0}, 'win_game': 0, 'suspense': False}, 'bn3x3': {'status': False, 'is_super': False, 'value': 0}, 'winTotal': 0, 'token': '498866E9AEA942D083BA', 'status': 'ok', 'command': 'play', 'message': 'on play slot', 'bet': 10, 'coin': 100, 'lines': 5, 'bet_total': 5000, 'id_match': '7F9077BA19844BD690B5', 'credit': 1256038, 'credit_to_show': 1256038, 'date_time': '2025-08-13 20:34:42'}}
2025-08-13 20:34:42,100 [INFO] (app.py:post:91): [upsert] result: {'ok': True, 'user_id': 'cleyton', 'match_id': '7F9077BA19844BD690B5', 'updated_at': '2025-08-13 20:34:42', 'created_at_set': True}
2025-08-13 20:34:44,131 [DEBUG] (app.py:post:78): [upsert] body: {'user_id': 'cleyton', 'match': '1509AC4A5AE341CBA051', 'input': {'game': {'status': True, 'spin': [{'detail': [{'symbol': 0, 'value': 3, 'path': [1, 1, 1], 'items': [6, 0, 6], 'line': 0}], 'grid': [[2, 6, 3], [2, 0, 4], [4, 6, 5]], 'idSpin': 0}], 'prize_type': {'name': 'NORMAL', 'id': 0}, 'win_game': 3, 'suspense': True}, 'bn3x3': {'status': False, 'is_super': False, 'value': 0}, 'winTotal': 3000, 'token': '498866E9AEA942D083BA', 'status': 'ok', 'command': 'play', 'message': 'on play slot', 'bet': 10, 'coin': 100, 'lines': 5, 'bet_total': 5000, 'id_match': '1509AC4A5AE341CBA051', 'credit': 1249038, 'credit_to_show': 1246038, 'date_time': '2025-08-13 20:34:44'}}
2025-08-13 20:34:44,133 [INFO] (app.py:post:91): [upsert] result: {'ok': True, 'user_id': 'cleyton', 'match_id': '1509AC4A5AE341CBA051', 'updated_at': '2025-08-13 20:34:44', 'created_at_set': True}
2025-08-13 20:34:50,144 [DEBUG] (app.py:post:78): [upsert] body: {'user_id': 'cleyton', 'match': 'F1C8C3282DB64A18A4C6', 'input': {'game': {'status': True, 'spin': [{'detail': [], 'grid': [[4, 6, 5], [1, 1, 3], [5, 5, 0]], 'idSpin': 0}], 'prize_type': {'name': 'NORMAL', 'id': 0}, 'win_game': 0, 'suspense': False}, 'bn3x3': {'status': False, 'is_super': False, 'value': 0}, 'winTotal': 0, 'token': '498866E9AEA942D083BA', 'status': 'ok', 'command': 'play', 'message': 'on play slot', 'bet': 10, 'coin': 100, 'lines': 5, 'bet_total': 5000, 'id_match': 'F1C8C3282DB64A18A4C6', 'credit': 1244038, 'credit_to_show': 1244038, 'date_time': '2025-08-13 20:34:50'}}
2025-08-13 20:34:50,146 [INFO] (app.py:post:91): [upsert] result: {'ok': True, 'user_id': 'cleyton', 'match_id': 'F1C8C3282DB64A18A4C6', 'updated_at': '2025-08-13 20:34:50', 'created_at_set': True}
2025-08-13 20:34:52,154 [DEBUG] (app.py:post:78): [upsert] body: {'user_id': 'cleyton', 'match': '1DE9F2FCF78A44D69886', 'input': {'game': {'status': True, 'spin': [{'detail': [{'symbol': 3, 'value': 10, 'path': [1, 1, 1], 'items': [3, 3, 3], 'line': 0}, {'symbol': 3, 'value': 10, 'path': [0, 0, 0], 'items': [3, 3, 3], 'line': 1}, {'symbol': 3, 'value': 10, 'path': [0, 1, 2], 'items': [3, 3, 3], 'line': 3}], 'grid': [[3, 3, 7], [3, 3, 3], [3, 3, 3]], 'idSpin': 0}], 'prize_type': {'name': 'NORMAL', 'id': 0}, 'win_game': 30, 'suspense': False}, 'bn3x3': {'status': True, 'is_super': False, 'value': 0}, 'winTotal': 30000, 'token': '498866E9AEA942D083BA', 'status': 'ok', 'command': 'play', 'message': 'on play slot', 'bet': 10, 'coin': 100, 'lines': 5, 'bet_total': 5000, 'id_match': '1DE9F2FCF78A44D69886', 'credit': 1269038, 'credit_to_show': 1239038, 'date_time': '2025-08-13 20:34:52'}}
2025-08-13 20:34:52,156 [INFO] (app.py:post:91): [upsert] result: {'ok': True, 'user_id': 'cleyton', 'match_id': '1DE9F2FCF78A44D69886', 'updated_at': '2025-08-13 20:34:52', 'created_at_set': True}
2025-08-13 20:35:36,403 [DEBUG] (app.py:post:78): [upsert] body: {'user_id': 'cleyton', 'match': '4DD5EB4A86E443C58AFF', 'input': {'game': {'status': True, 'spin': [{'detail': [{'symbol': 5, 'value': 100, 'path': [0, 0, 0], 'items': [5, 6, 6], 'line': 1}], 'grid': [[5, 4, 5], [6, 4, 3], [6, 5, 0]], 'idSpin': 0}], 'prize_type': {'name': 'SUPER WIN', 'id': 2}, 'win_game': 100, 'suspense': True}, 'bn3x3': {'status': False, 'is_super': False, 'value': 0}, 'winTotal': 100000, 'token': '498866E9AEA942D083BA', 'status': 'ok', 'command': 'play', 'message': 'on play slot', 'bet': 10, 'coin': 100, 'lines': 5, 'bet_total': 5000, 'id_match': '4DD5EB4A86E443C58AFF', 'credit': 1364038, 'credit_to_show': 1264038, 'date_time': '2025-08-13 20:35:36'}}
2025-08-13 20:35:36,404 [INFO] (app.py:post:91): [upsert] result: {'ok': True, 'user_id': 'cleyton', 'match_id': '4DD5EB4A86E443C58AFF', 'updated_at': '2025-08-13 20:35:36', 'created_at_set': True}
2025-08-13 20:36:40,654 [DEBUG] (app.py:post:78): [upsert] body: {'user_id': 'cleyton', 'match': 'D3914A7A2741496B916C', 'input': {'game': {'status': True, 'spin': [{'detail': [], 'grid': [[5, 5, 6], [2, 0, 0], [4, 4, 2]], 'idSpin': 0}], 'prize_type': {'name': 'NORMAL', 'id': 0}, 'win_game': 0, 'suspense': False}, 'bn3x3': {'status': False, 'is_super': False, 'value': 0}, 'winTotal': 0, 'token': '498866E9AEA942D083BA', 'status': 'ok', 'command': 'play', 'message': 'on play slot', 'bet': 10, 'coin': 100, 'lines': 5, 'bet_total': 5000, 'id_match': 'D3914A7A2741496B916C', 'credit': 1359038, 'credit_to_show': 1359038, 'date_time': '2025-08-13 20:36:40'}}
2025-08-13 20:36:40,657 [INFO] (app.py:post:91): [upsert] result: {'ok': True, 'user_id': 'cleyton', 'match_id': 'D3914A7A2741496B916C', 'updated_at': '2025-08-13 20:36:40', 'created_at_set': True}
2025-08-13 20:36:42,682 [DEBUG] (app.py:post:78): [upsert] body: {'user_id': 'cleyton', 'match': '19DF46BC313947598817', 'input': {'game': {'status': True, 'spin': [{'detail': [], 'grid': [[6, 4, 5], [3, 2, 4], [2, 5, 1]], 'idSpin': 0}], 'prize_type': {'name': 'NORMAL', 'id': 0}, 'win_game': 0, 'suspense': False}, 'bn3x3': {'status': False, 'is_super': False, 'value': 0}, 'winTotal': 0, 'token': '498866E9AEA942D083BA', 'status': 'ok', 'command': 'play', 'message': 'on play slot', 'bet': 10, 'coin': 100, 'lines': 5, 'bet_total': 5000, 'id_match': '19DF46BC313947598817', 'credit': 1354038, 'credit_to_show': 1354038, 'date_time': '2025-08-13 20:36:42'}}
2025-08-13 20:36:42,685 [INFO] (app.py:post:91): [upsert] result: {'ok': True, 'user_id': 'cleyton', 'match_id': '19DF46BC313947598817', 'updated_at': '2025-08-13 20:36:42', 'created_at_set': True}
2025-08-13 20:36:44,719 [DEBUG] (app.py:post:78): [upsert] body: {'user_id': 'cleyton', 'match': '41B3C732DF284F839F5F', 'input': {'game': {'status': True, 'spin': [{'detail': [], 'grid': [[5, 6, 4], [2, 0, 3], [1, 1, 2]], 'idSpin': 0}], 'prize_type': {'name': 'NORMAL', 'id': 0}, 'win_game': 0, 'suspense': False}, 'bn3x3': {'status': False, 'is_super': False, 'value': 0}, 'winTotal': 0, 'token': '498866E9AEA942D083BA', 'status': 'ok', 'command': 'play', 'message': 'on play slot', 'bet': 10, 'coin': 100, 'lines': 5, 'bet_total': 5000, 'id_match': '41B3C732DF284F839F5F', 'credit': 1349038, 'credit_to_show': 1349038, 'date_time': '2025-08-13 20:36:44'}}
2025-08-13 20:36:44,720 [INFO] (app.py:post:91): [upsert] result: {'ok': True, 'user_id': 'cleyton', 'match_id': '41B3C732DF284F839F5F', 'updated_at': '2025-08-13 20:36:44', 'created_at_set': True}
2025-08-13 20:36:46,710 [DEBUG] (app.py:post:78): [upsert] body: {'user_id': 'cleyton', 'match': '60FE7E373BCE48EDA44D', 'input': {'game': {'status': True, 'spin': [{'detail': [{'symbol': 1, 'value': 5, 'path': [2, 2, 2], 'items': [1, 6, 1], 'line': 2}], 'grid': [[4, 4, 1], [2, 3, 6], [3, 2, 1]], 'idSpin': 0}], 'prize_type': {'name': 'NORMAL', 'id': 0}, 'win_game': 5, 'suspense': False}, 'bn3x3': {'status': False, 'is_super': False, 'value': 0}, 'winTotal': 5000, 'token': '498866E9AEA942D083BA', 'status': 'ok', 'command': 'play', 'message': 'on play slot', 'bet': 10, 'coin': 100, 'lines': 5, 'bet_total': 5000, 'id_match': '60FE7E373BCE48EDA44D', 'credit': 1349038, 'credit_to_show': 1344038, 'date_time': '2025-08-13 20:36:46'}}
2025-08-13 20:36:46,715 [INFO] (app.py:post:91): [upsert] result: {'ok': True, 'user_id': 'cleyton', 'match_id': '60FE7E373BCE48EDA44D', 'updated_at': '2025-08-13 20:36:46', 'created_at_set': True}
2025-08-13 20:36:52,718 [DEBUG] (app.py:post:78): [upsert] body: {'user_id': 'cleyton', 'match': 'A2B837C453754E4E90C8', 'input': {'game': {'status': True, 'spin': [{'detail': [{'symbol': 1, 'value': 5, 'path': [0, 0, 0], 'items': [1, 6, 6], 'line': 1}], 'grid': [[1, 2, 1], [6, 0, 5], [6, 4, 5]], 'idSpin': 0}], 'prize_type': {'name': 'NORMAL', 'id': 0}, 'win_game': 5, 'suspense': True}, 'bn3x3': {'status': False, 'is_super': False, 'value': 0}, 'winTotal': 5000, 'token': '498866E9AEA942D083BA', 'status': 'ok', 'command': 'play', 'message': 'on play slot', 'bet': 10, 'coin': 100, 'lines': 5, 'bet_total': 5000, 'id_match': 'A2B837C453754E4E90C8', 'credit': 1349038, 'credit_to_show': 1344038, 'date_time': '2025-08-13 20:36:52'}}
2025-08-13 20:36:52,721 [INFO] (app.py:post:91): [upsert] result: {'ok': True, 'user_id': 'cleyton', 'match_id': 'A2B837C453754E4E90C8', 'updated_at': '2025-08-13 20:36:52', 'created_at_set': True}
2025-08-13 20:37:00,783 [DEBUG] (app.py:post:78): [upsert] body: {'user_id': 'cleyton', 'match': '221B13E502E84BB9982C', 'input': {'game': {'status': True, 'spin': [{'detail': [{'symbol': 0, 'value': 3, 'path': [1, 1, 1], 'items': [0, 0, 6], 'line': 0}, {'symbol': 0, 'value': 3, 'path': [2, 2, 2], 'items': [0, 0, 0], 'line': 2}, {'symbol': 0, 'value': 3, 'path': [2, 1, 0], 'items': [0, 0, 0], 'line': 4}], 'grid': [[7, 0, 0], [0, 0, 0], [0, 6, 0]], 'idSpin': 0}], 'prize_type': {'name': 'NORMAL', 'id': 0}, 'win_game': 9, 'suspense': False}, 'bn3x3': {'status': True, 'is_super': False, 'value': 0}, 'winTotal': 9000, 'token': '498866E9AEA942D083BA', 'status': 'ok', 'command': 'play', 'message': 'on play slot', 'bet': 10, 'coin': 100, 'lines': 5, 'bet_total': 5000, 'id_match': '221B13E502E84BB9982C', 'credit': 1353038, 'credit_to_show': 1344038, 'date_time': '2025-08-13 20:37:00'}}
2025-08-13 20:37:00,786 [INFO] (app.py:post:91): [upsert] result: {'ok': True, 'user_id': 'cleyton', 'match_id': '221B13E502E84BB9982C', 'updated_at': '2025-08-13 20:37:00', 'created_at_set': True}
2025-08-13 20:40:13,803 [DEBUG] (app.py:post:78): [upsert] body: {'user_id': 'cleyton', 'match': '459060DE656E4A3EA30A', 'input': {'game': {'status': True, 'spin': [{'detail': [], 'grid': [[2, 6, 4], [6, 5, 4], [1, 1, 1]], 'idSpin': 0}], 'prize_type': {'name': 'NORMAL', 'id': 0}, 'win_game': 0, 'suspense': True}, 'bn3x3': {'status': False, 'is_super': False, 'value': 0}, 'winTotal': 0, 'token': '498866E9AEA942D083BA', 'status': 'ok', 'command': 'play', 'message': 'on play slot', 'bet': 10, 'coin': 100, 'lines': 5, 'bet_total': 5000, 'id_match': '459060DE656E4A3EA30A', 'credit': 1348038, 'credit_to_show': 1348038, 'date_time': '2025-08-13 20:40:13'}}
2025-08-13 20:40:13,805 [INFO] (app.py:post:91): [upsert] result: {'ok': True, 'user_id': 'cleyton', 'match_id': '459060DE656E4A3EA30A', 'updated_at': '2025-08-13 20:40:13', 'created_at_set': True}
2025-08-13 20:40:17,203 [DEBUG] (app.py:post:78): [upsert] body: {'user_id': 'cleyton', 'match': '0C8F94E4A3624C55BAD4', 'input': {'game': {'status': True, 'spin': [{'detail': [{'symbol': 2, 'value': 8, 'path': [1, 1, 1], 'items': [2, 2, 2], 'line': 0}], 'grid': [[2, 2, 5], [4, 2, 0], [4, 2, 0]], 'idSpin': 0}], 'prize_type': {'name': 'NORMAL', 'id': 0}, 'win_game': 8, 'suspense': False}, 'bn3x3': {'status': False, 'is_super': False, 'value': 0}, 'winTotal': 8000, 'token': '498866E9AEA942D083BA', 'status': 'ok', 'command': 'play', 'message': 'on play slot', 'bet': 10, 'coin': 100, 'lines': 5, 'bet_total': 5000, 'id_match': '0C8F94E4A3624C55BAD4', 'credit': 1351038, 'credit_to_show': 1343038, 'date_time': '2025-08-13 20:40:17'}}
2025-08-13 20:40:17,204 [INFO] (app.py:post:91): [upsert] result: {'ok': True, 'user_id': 'cleyton', 'match_id': '0C8F94E4A3624C55BAD4', 'updated_at': '2025-08-13 20:40:17', 'created_at_set': True}
2025-08-13 20:40:19,844 [DEBUG] (app.py:post:78): [upsert] body: {'user_id': 'cleyton', 'match': '2F9F1A964B404DE19B03', 'input': {'game': {'status': True, 'spin': [{'detail': [], 'grid': [[5, 2, 5], [3, 5, 4], [4, 1, 0]], 'idSpin': 0}], 'prize_type': {'name': 'NORMAL', 'id': 0}, 'win_game': 0, 'suspense': False}, 'bn3x3': {'status': False, 'is_super': False, 'value': 0}, 'winTotal': 0, 'token': '498866E9AEA942D083BA', 'status': 'ok', 'command': 'play', 'message': 'on play slot', 'bet': 10, 'coin': 100, 'lines': 5, 'bet_total': 5000, 'id_match': '2F9F1A964B404DE19B03', 'credit': 1346038, 'credit_to_show': 1346038, 'date_time': '2025-08-13 20:40:19'}}
2025-08-13 20:40:19,846 [INFO] (app.py:post:91): [upsert] result: {'ok': True, 'user_id': 'cleyton', 'match_id': '2F9F1A964B404DE19B03', 'updated_at': '2025-08-13 20:40:19', 'created_at_set': True}
2025-08-13 20:40:21,400 [DEBUG] (app.py:post:78): [upsert] body: {'user_id': 'cleyton', 'match': 'B44CA66A6E3C4382B5F1', 'input': {'game': {'status': True, 'spin': [{'detail': [], 'grid': [[6, 4, 1], [4, 5, 0], [1, 5, 2]], 'idSpin': 0}], 'prize_type': {'name': 'NORMAL', 'id': 0}, 'win_game': 0, 'suspense': False}, 'bn3x3': {'status': False, 'is_super': False, 'value': 0}, 'winTotal': 0, 'token': '498866E9AEA942D083BA', 'status': 'ok', 'command': 'play', 'message': 'on play slot', 'bet': 10, 'coin': 100, 'lines': 5, 'bet_total': 5000, 'id_match': 'B44CA66A6E3C4382B5F1', 'credit': 1341038, 'credit_to_show': 1341038, 'date_time': '2025-08-13 20:40:21'}}
2025-08-13 20:40:21,402 [INFO] (app.py:post:91): [upsert] result: {'ok': True, 'user_id': 'cleyton', 'match_id': 'B44CA66A6E3C4382B5F1', 'updated_at': '2025-08-13 20:40:21', 'created_at_set': True}
2025-08-13 20:40:22,839 [DEBUG] (app.py:post:78): [upsert] body: {'user_id': 'cleyton', 'match': '5F2532B7FA6549E09553', 'input': {'game': {'status': True, 'spin': [{'detail': [], 'grid': [[1, 3, 2], [0, 0, 0], [0, 6, 1]], 'idSpin': 0}], 'prize_type': {'name': 'NORMAL', 'id': 0}, 'win_game': 0, 'suspense': False}, 'bn3x3': {'status': False, 'is_super': False, 'value': 0}, 'winTotal': 0, 'token': '498866E9AEA942D083BA', 'status': 'ok', 'command': 'play', 'message': 'on play slot', 'bet': 10, 'coin': 100, 'lines': 5, 'bet_total': 5000, 'id_match': '5F2532B7FA6549E09553', 'credit': 1336038, 'credit_to_show': 1336038, 'date_time': '2025-08-13 20:40:22'}}
2025-08-13 20:40:22,841 [INFO] (app.py:post:91): [upsert] result: {'ok': True, 'user_id': 'cleyton', 'match_id': '5F2532B7FA6549E09553', 'updated_at': '2025-08-13 20:40:22', 'created_at_set': True}
2025-08-13 20:40:24,283 [DEBUG] (app.py:post:78): [upsert] body: {'user_id': 'cleyton', 'match': '537790C7340C43ED8358', 'input': {'game': {'status': True, 'spin': [{'detail': [{'symbol': 2, 'value': 8, 'path': [0, 0, 0], 'items': [6, 6, 2], 'line': 1}], 'grid': [[6, 1, 4], [6, 3, 1], [2, 5, 4]], 'idSpin': 0}], 'prize_type': {'name': 'NORMAL', 'id': 0}, 'win_game': 8, 'suspense': True}, 'bn3x3': {'status': False, 'is_super': False, 'value': 0}, 'winTotal': 8000, 'token': '498866E9AEA942D083BA', 'status': 'ok', 'command': 'play', 'message': 'on play slot', 'bet': 10, 'coin': 100, 'lines': 5, 'bet_total': 5000, 'id_match': '537790C7340C43ED8358', 'credit': 1339038, 'credit_to_show': 1331038, 'date_time': '2025-08-13 20:40:24'}}
2025-08-13 20:40:24,286 [INFO] (app.py:post:91): [upsert] result: {'ok': True, 'user_id': 'cleyton', 'match_id': '537790C7340C43ED8358', 'updated_at': '2025-08-13 20:40:24', 'created_at_set': True}
2025-08-13 20:40:28,417 [DEBUG] (app.py:post:78): [upsert] body: {'user_id': 'cleyton', 'match': '70CC00D0ECDA46DA9339', 'input': {'game': {'status': True, 'spin': [{'detail': [], 'grid': [[6, 1, 6], [3, 4, 3], [5, 0, 0]], 'idSpin': 0}], 'prize_type': {'name': 'NORMAL', 'id': 0}, 'win_game': 0, 'suspense': True}, 'bn3x3': {'status': False, 'is_super': False, 'value': 0}, 'winTotal': 0, 'token': '498866E9AEA942D083BA', 'status': 'ok', 'command': 'play', 'message': 'on play slot', 'bet': 10, 'coin': 100, 'lines': 5, 'bet_total': 5000, 'id_match': '70CC00D0ECDA46DA9339', 'credit': 1334038, 'credit_to_show': 1334038, 'date_time': '2025-08-13 20:40:28'}}
2025-08-13 20:40:28,420 [INFO] (app.py:post:91): [upsert] result: {'ok': True, 'user_id': 'cleyton', 'match_id': '70CC00D0ECDA46DA9339', 'updated_at': '2025-08-13 20:40:28', 'created_at_set': True}
2025-08-13 20:40:32,334 [DEBUG] (app.py:post:78): [upsert] body: {'user_id': 'cleyton', 'match': 'C53240C84DFC4DE5BBC2', 'input': {'game': {'status': True, 'spin': [{'detail': [], 'grid': [[5, 3, 2], [5, 1, 5], [3, 4, 2]], 'idSpin': 0}], 'prize_type': {'name': 'NORMAL', 'id': 0}, 'win_game': 0, 'suspense': False}, 'bn3x3': {'status': False, 'is_super': False, 'value': 0}, 'winTotal': 0, 'token': '498866E9AEA942D083BA', 'status': 'ok', 'command': 'play', 'message': 'on play slot', 'bet': 10, 'coin': 100, 'lines': 5, 'bet_total': 5000, 'id_match': 'C53240C84DFC4DE5BBC2', 'credit': 1329038, 'credit_to_show': 1329038, 'date_time': '2025-08-13 20:40:32'}}
2025-08-13 20:40:32,336 [INFO] (app.py:post:91): [upsert] result: {'ok': True, 'user_id': 'cleyton', 'match_id': 'C53240C84DFC4DE5BBC2', 'updated_at': '2025-08-13 20:40:32', 'created_at_set': True}
2025-08-13 20:40:33,775 [DEBUG] (app.py:post:78): [upsert] body: {'user_id': 'cleyton', 'match': '6539E77287C645BA8EFE', 'input': {'game': {'status': True, 'spin': [{'detail': [], 'grid': [[5, 4, 5], [4, 2, 3], [4, 5, 4]], 'idSpin': 0}], 'prize_type': {'name': 'NORMAL', 'id': 0}, 'win_game': 0, 'suspense': False}, 'bn3x3': {'status': False, 'is_super': False, 'value': 0}, 'winTotal': 0, 'token': '498866E9AEA942D083BA', 'status': 'ok', 'command': 'play', 'message': 'on play slot', 'bet': 10, 'coin': 100, 'lines': 5, 'bet_total': 5000, 'id_match': '6539E77287C645BA8EFE', 'credit': 1324038, 'credit_to_show': 1324038, 'date_time': '2025-08-13 20:40:33'}}
2025-08-13 20:40:33,778 [INFO] (app.py:post:91): [upsert] result: {'ok': True, 'user_id': 'cleyton', 'match_id': '6539E77287C645BA8EFE', 'updated_at': '2025-08-13 20:40:33', 'created_at_set': True}
2025-08-13 20:40:35,100 [DEBUG] (app.py:post:78): [upsert] body: {'user_id': 'cleyton', 'match': '0354083C62B04E9EBF46', 'input': {'game': {'status': True, 'spin': [{'detail': [], 'grid': [[4, 6, 1], [2, 0, 4], [3, 2, 5]], 'idSpin': 0}], 'prize_type': {'name': 'NORMAL', 'id': 0}, 'win_game': 0, 'suspense': False}, 'bn3x3': {'status': False, 'is_super': False, 'value': 0}, 'winTotal': 0, 'token': '498866E9AEA942D083BA', 'status': 'ok', 'command': 'play', 'message': 'on play slot', 'bet': 10, 'coin': 100, 'lines': 5, 'bet_total': 5000, 'id_match': '0354083C62B04E9EBF46', 'credit': 1319038, 'credit_to_show': 1319038, 'date_time': '2025-08-13 20:40:35'}}
2025-08-13 20:40:35,101 [INFO] (app.py:post:91): [upsert] result: {'ok': True, 'user_id': 'cleyton', 'match_id': '0354083C62B04E9EBF46', 'updated_at': '2025-08-13 20:40:35', 'created_at_set': True}
2025-08-13 20:40:36,278 [DEBUG] (app.py:post:78): [upsert] body: {'user_id': 'cleyton', 'match': '50169CEE3BFE442DAA0A', 'input': {'game': {'status': True, 'spin': [{'detail': [], 'grid': [[1, 4, 1], [4, 1, 4], [4, 5, 2]], 'idSpin': 0}], 'prize_type': {'name': 'NORMAL', 'id': 0}, 'win_game': 0, 'suspense': False}, 'bn3x3': {'status': False, 'is_super': False, 'value': 0}, 'winTotal': 0, 'token': '498866E9AEA942D083BA', 'status': 'ok', 'command': 'play', 'message': 'on play slot', 'bet': 10, 'coin': 100, 'lines': 5, 'bet_total': 5000, 'id_match': '50169CEE3BFE442DAA0A', 'credit': 1314038, 'credit_to_show': 1314038, 'date_time': '2025-08-13 20:40:36'}}
2025-08-13 20:40:36,280 [INFO] (app.py:post:91): [upsert] result: {'ok': True, 'user_id': 'cleyton', 'match_id': '50169CEE3BFE442DAA0A', 'updated_at': '2025-08-13 20:40:36', 'created_at_set': True}
2025-08-13 20:40:37,591 [DEBUG] (app.py:post:78): [upsert] body: {'user_id': 'cleyton', 'match': 'E0B8CD5793B8435BB18E', 'input': {'game': {'status': True, 'spin': [{'detail': [{'symbol': 2, 'value': 8, 'path': [0, 0, 0], 'items': [2, 2, 6], 'line': 1}], 'grid': [[2, 2, 1], [2, 4, 5], [6, 5, 4]], 'idSpin': 0}], 'prize_type': {'name': 'NORMAL', 'id': 0}, 'win_game': 8, 'suspense': False}, 'bn3x3': {'status': False, 'is_super': False, 'value': 0}, 'winTotal': 8000, 'token': '498866E9AEA942D083BA', 'status': 'ok', 'command': 'play', 'message': 'on play slot', 'bet': 10, 'coin': 100, 'lines': 5, 'bet_total': 5000, 'id_match': 'E0B8CD5793B8435BB18E', 'credit': 1317038, 'credit_to_show': 1309038, 'date_time': '2025-08-13 20:40:37'}}
2025-08-13 20:40:37,592 [INFO] (app.py:post:91): [upsert] result: {'ok': True, 'user_id': 'cleyton', 'match_id': 'E0B8CD5793B8435BB18E', 'updated_at': '2025-08-13 20:40:37', 'created_at_set': True}
2025-08-13 20:40:38,964 [DEBUG] (app.py:post:78): [upsert] body: {'user_id': 'cleyton', 'match': '41C4ED959B804A58A038', 'input': {'game': {'status': True, 'spin': [{'detail': [], 'grid': [[3, 2, 4], [1, 1, 5], [4, 1, 2]], 'idSpin': 0}], 'prize_type': {'name': 'NORMAL', 'id': 0}, 'win_game': 0, 'suspense': False}, 'bn3x3': {'status': False, 'is_super': False, 'value': 0}, 'winTotal': 0, 'token': '498866E9AEA942D083BA', 'status': 'ok', 'command': 'play', 'message': 'on play slot', 'bet': 10, 'coin': 100, 'lines': 5, 'bet_total': 5000, 'id_match': '41C4ED959B804A58A038', 'credit': 1312038, 'credit_to_show': 1312038, 'date_time': '2025-08-13 20:40:38'}}
2025-08-13 20:40:38,966 [INFO] (app.py:post:91): [upsert] result: {'ok': True, 'user_id': 'cleyton', 'match_id': '41C4ED959B804A58A038', 'updated_at': '2025-08-13 20:40:38', 'created_at_set': True}
2025-08-13 20:42:05,047 [DEBUG] (app.py:post:78): [upsert] body: {'user_id': 'leandro', 'match': 'D08E04C25327404E8539', 'input': {'game': {'status': True, 'spin': [{'detail': [{'symbol': 0, 'value': 3, 'path': [1, 1, 1], 'items': [6, 0, 6], 'line': 0}], 'grid': [[3, 6, 3], [5, 0, 2], [5, 6, 3]], 'idSpin': 0}], 'prize_type': {'name': 'NORMAL', 'id': 0}, 'win_game': 3, 'suspense': True}, 'bn3x3': {'status': False, 'is_super': False, 'value': 0}, 'winTotal': 3, 'token': 'CEF57787C45C4378975C', 'status': 'ok', 'command': 'play', 'message': 'on play slot', 'bet': 1, 'coin': 1, 'lines': 5, 'bet_total': 5, 'id_match': 'D08E04C25327404E8539', 'credit': 122388, 'credit_to_show': 122385, 'date_time': '2025-08-13 20:42:05'}}
2025-08-13 20:42:05,049 [INFO] (app.py:post:91): [upsert] result: {'ok': True, 'user_id': 'leandro', 'match_id': 'D08E04C25327404E8539', 'updated_at': '2025-08-13 20:42:05', 'created_at_set': True}
2025-08-13 20:43:55,250 [INFO] (autoreload.py:_check_file:197): /app/app.py modified; restarting server
2025-08-13 20:43:55,626 [INFO] (redis_connection_async.py:start:38): [Redis] Connected to landf_infra_redis_redis_1:36380, db=0
2025-08-13 20:43:55,628 [INFO] (app.py:<module>:247): Autoreload enabled (dev mode).
2025-08-13 20:43:55,628 [INFO] (app.py:<module>:250): Server started version 2
2025-08-15 01:08:01,684 [WARNING] (web.py:log_request:2407): 404 GET / (91.196.152.94) 2.43ms
2025-08-15 01:19:56,319 [WARNING] (web.py:log_request:2407): 404 GET /favicon.ico (91.196.152.11) 2.17ms
2025-08-15 10:31:35,140 [INFO] (autoreload.py:_check_file:197): /app/app.py modified; restarting server
2025-08-15 10:31:36,270 [INFO] (redis_connection_async.py:start:38): [Redis] Connected to landf_infra_redis_redis_1:36380, db=0
2025-08-15 10:31:36,273 [INFO] (app.py:<module>:247): Autoreload enabled (dev mode).
2025-08-15 10:31:36,273 [INFO] (app.py:<module>:250): Server started version 3
